;  LST file generated by mikroListExporter - v.2.0 
; Date/Time: 26/11/2014 00:25:01
;----------------------------------------------

;Address Opcode 	ASM
0x0000	0xF001EFE9  	GOTO        978
_interrupt:
;ModuloCentral.c,80 :: 		void interrupt() {
0x0008	0xF016C000  	MOVFF       R0, 22
0x000C	0xF015C001  	MOVFF       R1, 21
;ModuloCentral.c,81 :: 		if(PIR1.RCIF == 1) { // indica que a interrupção foi disparada pela Serial RX
0x0010	0xAA9E      	BTFSS       PIR1, 5 
0x0012	0xD001      	BRA         L_interrupt3
;ModuloCentral.c,83 :: 		lerProtocolo();
0x0014	0xD9A8      	RCALL       _lerProtocolo
;ModuloCentral.c,84 :: 		}
L_interrupt3:
;ModuloCentral.c,85 :: 		if(PIR1.TMR1IF == 1){
0x0016	0xA09E      	BTFSS       PIR1, 0 
0x0018	0xD003      	BRA         L_interrupt4
;ModuloCentral.c,86 :: 		PIE1.TMR1IE = 0;
0x001A	0x909D      	BCF         PIE1, 0 
;ModuloCentral.c,87 :: 		PIR1.TMR1IF = 0;
0x001C	0x909E      	BCF         PIR1, 0 
;ModuloCentral.c,88 :: 		executarProtocolo();
0x001E	0xD8B0      	RCALL       _executarProtocolo
;ModuloCentral.c,89 :: 		}
L_interrupt4:
;ModuloCentral.c,90 :: 		}
L_end_interrupt:
L__interrupt37:
0x0020	0xF000C016  	MOVFF       22, R0
0x0024	0xF001C015  	MOVFF       21, R1
0x0028	0x0011      	RETFIE      1
; end of _interrupt
_UART1_Write:
;__Lib_UART_c67.c,58 :: 		
;__Lib_UART_c67.c,59 :: 		
L_UART1_Write3:
0x002A	0xB2AC      	BTFSC       TXSTA, 1 
0x002C	0xD002      	BRA         L_UART1_Write4
;__Lib_UART_c67.c,60 :: 		
0x002E	0x0000      	NOP
0x0030	0xD7FC      	BRA         L_UART1_Write3
L_UART1_Write4:
;__Lib_UART_c67.c,61 :: 		
0x0032	0xFFADC050  	MOVFF       FARG_UART1_Write_data_, TXREG
;__Lib_UART_c67.c,62 :: 		
L_end_UART1_Write:
0x0036	0x0012      	RETURN      0
; end of _UART1_Write
_UART1_Read:
;__Lib_UART_c67.c,39 :: 		
;__Lib_UART_c67.c,42 :: 		
0x0038	0xF001CFAE  	MOVFF       RCREG, R1
;__Lib_UART_c67.c,43 :: 		
0x003C	0xA2AB      	BTFSS       RCSTA, 1 
0x003E	0xD002      	BRA         L_UART1_Read2
;__Lib_UART_c67.c,44 :: 		
0x0040	0x98AB      	BCF         RCSTA, 4 
;__Lib_UART_c67.c,45 :: 		
0x0042	0x88AB      	BSF         RCSTA, 4 
;__Lib_UART_c67.c,46 :: 		
L_UART1_Read2:
;__Lib_UART_c67.c,47 :: 		
0x0044	0xF000C001  	MOVFF       R1, R0
;__Lib_UART_c67.c,48 :: 		
L_end_UART1_Read:
0x0048	0x0012      	RETURN      0
; end of _UART1_Read
_UART1_Data_Ready:
;__Lib_UART_c67.c,34 :: 		
;__Lib_UART_c67.c,35 :: 		
0x004A	0x0E00      	MOVLW       0
0x004C	0xBA9E      	BTFSC       PIR1, 5 
0x004E	0x0E01      	MOVLW       1
0x0050	0x6E00      	MOVWF       R0 
;__Lib_UART_c67.c,36 :: 		
L_end_UART1_Data_Ready:
0x0052	0x0012      	RETURN      0
; end of _UART1_Data_Ready
_enviarProtocolo:
;ModuloCentral.c,186 :: 		void enviarProtocolo(char r1, char r2, char r3, char r4, char r5) {
;ModuloCentral.c,190 :: 		UART1_Write(0x7E);
0x0054	0x0E7E      	MOVLW       126
0x0056	0x6E50      	MOVWF       FARG_UART1_Write_data_ 
0x0058	0xDFE8      	RCALL       _UART1_Write
;ModuloCentral.c,191 :: 		UART1_Write(0x00);
0x005A	0x6A50      	CLRF        FARG_UART1_Write_data_ 
0x005C	0xDFE6      	RCALL       _UART1_Write
;ModuloCentral.c,192 :: 		UART1_Write(0x13);
0x005E	0x0E13      	MOVLW       19
0x0060	0x6E50      	MOVWF       FARG_UART1_Write_data_ 
0x0062	0xDFE3      	RCALL       _UART1_Write
;ModuloCentral.c,193 :: 		UART1_Write(0x10);
0x0064	0x0E10      	MOVLW       16
0x0066	0x6E50      	MOVWF       FARG_UART1_Write_data_ 
0x0068	0xDFE0      	RCALL       _UART1_Write
;ModuloCentral.c,194 :: 		UART1_Write(0x01);
0x006A	0x0E01      	MOVLW       1
0x006C	0x6E50      	MOVWF       FARG_UART1_Write_data_ 
0x006E	0xDFDD      	RCALL       _UART1_Write
;ModuloCentral.c,195 :: 		UART1_Write(0x00);
0x0070	0x6A50      	CLRF        FARG_UART1_Write_data_ 
0x0072	0xDFDB      	RCALL       _UART1_Write
;ModuloCentral.c,196 :: 		UART1_Write(0x00);
0x0074	0x6A50      	CLRF        FARG_UART1_Write_data_ 
0x0076	0xDFD9      	RCALL       _UART1_Write
;ModuloCentral.c,197 :: 		UART1_Write(0x00);
0x0078	0x6A50      	CLRF        FARG_UART1_Write_data_ 
0x007A	0xDFD7      	RCALL       _UART1_Write
;ModuloCentral.c,198 :: 		UART1_Write(0x00);
0x007C	0x6A50      	CLRF        FARG_UART1_Write_data_ 
0x007E	0xDFD5      	RCALL       _UART1_Write
;ModuloCentral.c,199 :: 		UART1_Write(0x00);
0x0080	0x6A50      	CLRF        FARG_UART1_Write_data_ 
0x0082	0xDFD3      	RCALL       _UART1_Write
;ModuloCentral.c,200 :: 		UART1_Write(0x00);
0x0084	0x6A50      	CLRF        FARG_UART1_Write_data_ 
0x0086	0xDFD1      	RCALL       _UART1_Write
;ModuloCentral.c,201 :: 		UART1_Write(0xFF);
0x0088	0x0EFF      	MOVLW       255
0x008A	0x6E50      	MOVWF       FARG_UART1_Write_data_ 
0x008C	0xDFCE      	RCALL       _UART1_Write
;ModuloCentral.c,202 :: 		UART1_Write(0xFF);
0x008E	0x0EFF      	MOVLW       255
0x0090	0x6E50      	MOVWF       FARG_UART1_Write_data_ 
0x0092	0xDFCB      	RCALL       _UART1_Write
;ModuloCentral.c,203 :: 		UART1_Write(0xFF);
0x0094	0x0EFF      	MOVLW       255
0x0096	0x6E50      	MOVWF       FARG_UART1_Write_data_ 
0x0098	0xDFC8      	RCALL       _UART1_Write
;ModuloCentral.c,204 :: 		UART1_Write(0xFE);
0x009A	0x0EFE      	MOVLW       254
0x009C	0x6E50      	MOVWF       FARG_UART1_Write_data_ 
0x009E	0xDFC5      	RCALL       _UART1_Write
;ModuloCentral.c,205 :: 		UART1_Write(0x00);
0x00A0	0x6A50      	CLRF        FARG_UART1_Write_data_ 
0x00A2	0xDFC3      	RCALL       _UART1_Write
;ModuloCentral.c,206 :: 		UART1_Write(0x00);
0x00A4	0x6A50      	CLRF        FARG_UART1_Write_data_ 
0x00A6	0xDFC1      	RCALL       _UART1_Write
;ModuloCentral.c,207 :: 		UART1_Write(r1);
0x00A8	0xF050C04B  	MOVFF       FARG_enviarProtocolo_r1, FARG_UART1_Write_data_
0x00AC	0xDFBE      	RCALL       _UART1_Write
;ModuloCentral.c,208 :: 		UART1_Write(r2);
0x00AE	0xF050C04C  	MOVFF       FARG_enviarProtocolo_r2, FARG_UART1_Write_data_
0x00B2	0xDFBB      	RCALL       _UART1_Write
;ModuloCentral.c,209 :: 		UART1_Write(r3);
0x00B4	0xF050C04D  	MOVFF       FARG_enviarProtocolo_r3, FARG_UART1_Write_data_
0x00B8	0xDFB8      	RCALL       _UART1_Write
;ModuloCentral.c,210 :: 		UART1_Write(r4);
0x00BA	0xF050C04E  	MOVFF       FARG_enviarProtocolo_r4, FARG_UART1_Write_data_
0x00BE	0xDFB5      	RCALL       _UART1_Write
;ModuloCentral.c,211 :: 		UART1_Write(r5);
0x00C0	0xF050C04F  	MOVFF       FARG_enviarProtocolo_r5, FARG_UART1_Write_data_
0x00C4	0xDFB2      	RCALL       _UART1_Write
;ModuloCentral.c,212 :: 		checksum = (0xFF - ((0x10 + 0x01 + 0xFF + 0xFF + 0xFF + 0xFE + r1 + r2 + r3 + r4 + r5) & 0xFF));
0x00C6	0x504B      	MOVF        FARG_enviarProtocolo_r1, 0 
0x00C8	0x0F0C      	ADDLW       12
0x00CA	0x6E00      	MOVWF       R0 
0x00CC	0x504C      	MOVF        FARG_enviarProtocolo_r2, 0 
0x00CE	0x2600      	ADDWF       R0, 1 
0x00D0	0x504D      	MOVF        FARG_enviarProtocolo_r3, 0 
0x00D2	0x2600      	ADDWF       R0, 1 
0x00D4	0x504E      	MOVF        FARG_enviarProtocolo_r4, 0 
0x00D6	0x2600      	ADDWF       R0, 1 
0x00D8	0x504F      	MOVF        FARG_enviarProtocolo_r5, 0 
0x00DA	0x2600      	ADDWF       R0, 1 
0x00DC	0x0EFF      	MOVLW       255
0x00DE	0x1600      	ANDWF       R0, 1 
0x00E0	0x5000      	MOVF        R0, 0 
0x00E2	0x08FF      	SUBLW       255
0x00E4	0x6E50      	MOVWF       FARG_UART1_Write_data_ 
;ModuloCentral.c,213 :: 		UART1_Write(checksum);
0x00E6	0xDFA1      	RCALL       _UART1_Write
;ModuloCentral.c,214 :: 		}
L_end_enviarProtocolo:
0x00E8	0x0012      	RETURN      0
; end of _enviarProtocolo
_respondeProtocolo:
;ModuloCentral.c,156 :: 		void respondeProtocolo(char r1, char r2, char r3, char r4, char r5) {
;ModuloCentral.c,160 :: 		UART1_Write(0x7E);
0x00EA	0x0E7E      	MOVLW       126
0x00EC	0x6E50      	MOVWF       FARG_UART1_Write_data_ 
0x00EE	0xDF9D      	RCALL       _UART1_Write
;ModuloCentral.c,161 :: 		UART1_Write(0x00);
0x00F0	0x6A50      	CLRF        FARG_UART1_Write_data_ 
0x00F2	0xDF9B      	RCALL       _UART1_Write
;ModuloCentral.c,162 :: 		UART1_Write(0x13);
0x00F4	0x0E13      	MOVLW       19
0x00F6	0x6E50      	MOVWF       FARG_UART1_Write_data_ 
0x00F8	0xDF98      	RCALL       _UART1_Write
;ModuloCentral.c,163 :: 		UART1_Write(0x10);
0x00FA	0x0E10      	MOVLW       16
0x00FC	0x6E50      	MOVWF       FARG_UART1_Write_data_ 
0x00FE	0xDF95      	RCALL       _UART1_Write
;ModuloCentral.c,164 :: 		UART1_Write(0x01);
0x0100	0x0E01      	MOVLW       1
0x0102	0x6E50      	MOVWF       FARG_UART1_Write_data_ 
0x0104	0xDF92      	RCALL       _UART1_Write
;ModuloCentral.c,165 :: 		UART1_Write(0x00);
0x0106	0x6A50      	CLRF        FARG_UART1_Write_data_ 
0x0108	0xDF90      	RCALL       _UART1_Write
;ModuloCentral.c,166 :: 		UART1_Write(0x00);
0x010A	0x6A50      	CLRF        FARG_UART1_Write_data_ 
0x010C	0xDF8E      	RCALL       _UART1_Write
;ModuloCentral.c,167 :: 		UART1_Write(0x00);
0x010E	0x6A50      	CLRF        FARG_UART1_Write_data_ 
0x0110	0xDF8C      	RCALL       _UART1_Write
;ModuloCentral.c,168 :: 		UART1_Write(0x00);
0x0112	0x6A50      	CLRF        FARG_UART1_Write_data_ 
0x0114	0xDF8A      	RCALL       _UART1_Write
;ModuloCentral.c,169 :: 		UART1_Write(0x00);
0x0116	0x6A50      	CLRF        FARG_UART1_Write_data_ 
0x0118	0xDF88      	RCALL       _UART1_Write
;ModuloCentral.c,170 :: 		UART1_Write(0x00);
0x011A	0x6A50      	CLRF        FARG_UART1_Write_data_ 
0x011C	0xDF86      	RCALL       _UART1_Write
;ModuloCentral.c,171 :: 		UART1_Write(0xFF);
0x011E	0x0EFF      	MOVLW       255
0x0120	0x6E50      	MOVWF       FARG_UART1_Write_data_ 
0x0122	0xDF83      	RCALL       _UART1_Write
;ModuloCentral.c,172 :: 		UART1_Write(0xFF);
0x0124	0x0EFF      	MOVLW       255
0x0126	0x6E50      	MOVWF       FARG_UART1_Write_data_ 
0x0128	0xDF80      	RCALL       _UART1_Write
;ModuloCentral.c,173 :: 		UART1_Write(0xFF);
0x012A	0x0EFF      	MOVLW       255
0x012C	0x6E50      	MOVWF       FARG_UART1_Write_data_ 
0x012E	0xDF7D      	RCALL       _UART1_Write
;ModuloCentral.c,174 :: 		UART1_Write(0xFE);
0x0130	0x0EFE      	MOVLW       254
0x0132	0x6E50      	MOVWF       FARG_UART1_Write_data_ 
0x0134	0xDF7A      	RCALL       _UART1_Write
;ModuloCentral.c,175 :: 		UART1_Write(0x00);
0x0136	0x6A50      	CLRF        FARG_UART1_Write_data_ 
0x0138	0xDF78      	RCALL       _UART1_Write
;ModuloCentral.c,176 :: 		UART1_Write(0x00);
0x013A	0x6A50      	CLRF        FARG_UART1_Write_data_ 
0x013C	0xDF76      	RCALL       _UART1_Write
;ModuloCentral.c,177 :: 		UART1_Write(r1);
0x013E	0xF050C04B  	MOVFF       FARG_respondeProtocolo_r1, FARG_UART1_Write_data_
0x0142	0xDF73      	RCALL       _UART1_Write
;ModuloCentral.c,178 :: 		UART1_Write(r2);
0x0144	0xF050C04C  	MOVFF       FARG_respondeProtocolo_r2, FARG_UART1_Write_data_
0x0148	0xDF70      	RCALL       _UART1_Write
;ModuloCentral.c,179 :: 		UART1_Write(r3);
0x014A	0xF050C04D  	MOVFF       FARG_respondeProtocolo_r3, FARG_UART1_Write_data_
0x014E	0xDF6D      	RCALL       _UART1_Write
;ModuloCentral.c,180 :: 		UART1_Write(r4);
0x0150	0xF050C04E  	MOVFF       FARG_respondeProtocolo_r4, FARG_UART1_Write_data_
0x0154	0xDF6A      	RCALL       _UART1_Write
;ModuloCentral.c,181 :: 		UART1_Write(r5);
0x0156	0xF050C04F  	MOVFF       FARG_respondeProtocolo_r5, FARG_UART1_Write_data_
0x015A	0xDF67      	RCALL       _UART1_Write
;ModuloCentral.c,182 :: 		checksum = (0xFF - ((0x10 + 0x01 + 0xFF + 0xFF + 0xFF + 0xFE + r1 + r2 + r3 + r4 + r5) & 0xFF));
0x015C	0x504B      	MOVF        FARG_respondeProtocolo_r1, 0 
0x015E	0x0F0C      	ADDLW       12
0x0160	0x6E00      	MOVWF       R0 
0x0162	0x504C      	MOVF        FARG_respondeProtocolo_r2, 0 
0x0164	0x2600      	ADDWF       R0, 1 
0x0166	0x504D      	MOVF        FARG_respondeProtocolo_r3, 0 
0x0168	0x2600      	ADDWF       R0, 1 
0x016A	0x504E      	MOVF        FARG_respondeProtocolo_r4, 0 
0x016C	0x2600      	ADDWF       R0, 1 
0x016E	0x504F      	MOVF        FARG_respondeProtocolo_r5, 0 
0x0170	0x2600      	ADDWF       R0, 1 
0x0172	0x0EFF      	MOVLW       255
0x0174	0x1600      	ANDWF       R0, 1 
0x0176	0x5000      	MOVF        R0, 0 
0x0178	0x08FF      	SUBLW       255
0x017A	0x6E50      	MOVWF       FARG_UART1_Write_data_ 
;ModuloCentral.c,183 :: 		UART1_Write(checksum);
0x017C	0xDF56      	RCALL       _UART1_Write
;ModuloCentral.c,184 :: 		}
L_end_respondeProtocolo:
0x017E	0x0012      	RETURN      0
; end of _respondeProtocolo
_executarProtocolo:
;ModuloCentral.c,115 :: 		void executarProtocolo(void) {
;ModuloCentral.c,118 :: 		if(ID[0] == 'M') { //O ID deste módulo é M00
0x0180	0x5021      	MOVF        _ID, 0 
0x0182	0x0A4D      	XORLW       77
0x0184	0xE114      	BNZ         L_executarProtocolo11
;ModuloCentral.c,119 :: 		if(ID[1] == '0') {
0x0186	0x5022      	MOVF        _ID+1, 0 
0x0188	0x0A30      	XORLW       48
0x018A	0xE110      	BNZ         L_executarProtocolo12
;ModuloCentral.c,120 :: 		if(ID[2] == '0') {
0x018C	0x5023      	MOVF        _ID+2, 0 
0x018E	0x0A30      	XORLW       48
0x0190	0xE10D      	BNZ         L_executarProtocolo13
;ModuloCentral.c,121 :: 		respondeProtocolo('+', ID[0], ID[1], ID[2], '+');
0x0192	0x0E2B      	MOVLW       43
0x0194	0x6E4B      	MOVWF       FARG_respondeProtocolo_r1 
0x0196	0xF04CC021  	MOVFF       _ID, FARG_respondeProtocolo_r2
0x019A	0xF04DC022  	MOVFF       _ID+1, FARG_respondeProtocolo_r3
0x019E	0xF04EC023  	MOVFF       _ID+2, FARG_respondeProtocolo_r4
0x01A2	0x0E2B      	MOVLW       43
0x01A4	0x6E4F      	MOVWF       FARG_respondeProtocolo_r5 
0x01A6	0xDFA1      	RCALL       _respondeProtocolo
;ModuloCentral.c,122 :: 		ID[0] = '0' ;
0x01A8	0x0E30      	MOVLW       48
0x01AA	0x6E21      	MOVWF       _ID 
;ModuloCentral.c,126 :: 		}
L_executarProtocolo13:
;ModuloCentral.c,127 :: 		}
L_executarProtocolo12:
;ModuloCentral.c,128 :: 		}
0x01AC	0xD05D      	BRA         L_executarProtocolo14
L_executarProtocolo11:
;ModuloCentral.c,131 :: 		else if(ME[0] == '[' && ME[4] == ']') { // Os 5 primeiro bytes são para protocolo de ID
0x01AE	0x5025      	MOVF        _ME, 0 
0x01B0	0x0A5B      	XORLW       91
0x01B2	0xE111      	BNZ         L_executarProtocolo17
0x01B4	0x5029      	MOVF        _ME+4, 0 
0x01B6	0x0A5D      	XORLW       93
0x01B8	0xE10E      	BNZ         L_executarProtocolo17
L__executarProtocolo34:
;ModuloCentral.c,132 :: 		enviarProtocolo(ME[0], ME[1], ME[2], ME[3], ME[4]);
0x01BA	0xF04BC025  	MOVFF       _ME, FARG_enviarProtocolo_r1
0x01BE	0xF04CC026  	MOVFF       _ME+1, FARG_enviarProtocolo_r2
0x01C2	0xF04DC027  	MOVFF       _ME+2, FARG_enviarProtocolo_r3
0x01C6	0xF04EC028  	MOVFF       _ME+3, FARG_enviarProtocolo_r4
0x01CA	0xF04FC029  	MOVFF       _ME+4, FARG_enviarProtocolo_r5
0x01CE	0xDF42      	RCALL       _enviarProtocolo
;ModuloCentral.c,133 :: 		ME[0] = '0';
0x01D0	0x0E30      	MOVLW       48
0x01D2	0x6E25      	MOVWF       _ME 
;ModuloCentral.c,134 :: 		}
0x01D4	0xD049      	BRA         L_executarProtocolo18
L_executarProtocolo17:
;ModuloCentral.c,136 :: 		else if(ME[1] == RE[0] && ME[2] == RE[1] && ME[3] == RE[2]) {
0x01D6	0x5026      	MOVF        _ME+1, 0 
0x01D8	0x183F      	XORWF       _RE, 0 
0x01DA	0xE11C      	BNZ         L_executarProtocolo21
0x01DC	0x5027      	MOVF        _ME+2, 0 
0x01DE	0x1840      	XORWF       _RE+1, 0 
0x01E0	0xE119      	BNZ         L_executarProtocolo21
0x01E2	0x5028      	MOVF        _ME+3, 0 
0x01E4	0x1841      	XORWF       _RE+2, 0 
0x01E6	0xE116      	BNZ         L_executarProtocolo21
L__executarProtocolo33:
;ModuloCentral.c,138 :: 		if(ME[5] == '(' && ME[9] == ')') { // Os 5 últimos para executar protocolos no ME
0x01E8	0x502A      	MOVF        _ME+5, 0 
0x01EA	0x0A28      	XORLW       40
0x01EC	0xE110      	BNZ         L_executarProtocolo24
0x01EE	0x502E      	MOVF        _ME+9, 0 
0x01F0	0x0A29      	XORLW       41
0x01F2	0xE10D      	BNZ         L_executarProtocolo24
L__executarProtocolo32:
;ModuloCentral.c,139 :: 		enviarProtocolo(ME[5], ME[6], ME[7], ME[8], ME[9]);
0x01F4	0xF04BC02A  	MOVFF       _ME+5, FARG_enviarProtocolo_r1
0x01F8	0xF04CC02B  	MOVFF       _ME+6, FARG_enviarProtocolo_r2
0x01FC	0xF04DC02C  	MOVFF       _ME+7, FARG_enviarProtocolo_r3
0x0200	0xF04EC02D  	MOVFF       _ME+8, FARG_enviarProtocolo_r4
0x0204	0xF04FC02E  	MOVFF       _ME+9, FARG_enviarProtocolo_r5
0x0208	0xDF25      	RCALL       _enviarProtocolo
;ModuloCentral.c,140 :: 		ME[5] = '0';
0x020A	0x0E30      	MOVLW       48
0x020C	0x6E2A      	MOVWF       _ME+5 
;ModuloCentral.c,141 :: 		}
L_executarProtocolo24:
;ModuloCentral.c,142 :: 		RE[0] = '0';
0x020E	0x0E30      	MOVLW       48
0x0210	0x6E3F      	MOVWF       _RE 
;ModuloCentral.c,143 :: 		}
0x0212	0xD02A      	BRA         L_executarProtocolo25
L_executarProtocolo21:
;ModuloCentral.c,145 :: 		else if(RE[0] == 'T' && RE[1] == 'E' && RE[2] == 'P') {
0x0214	0x503F      	MOVF        _RE, 0 
0x0216	0x0A54      	XORLW       84
0x0218	0xE114      	BNZ         L_executarProtocolo28
0x021A	0x5040      	MOVF        _RE+1, 0 
0x021C	0x0A45      	XORLW       69
0x021E	0xE111      	BNZ         L_executarProtocolo28
0x0220	0x5041      	MOVF        _RE+2, 0 
0x0222	0x0A50      	XORLW       80
0x0224	0xE10E      	BNZ         L_executarProtocolo28
L__executarProtocolo31:
;ModuloCentral.c,146 :: 		respondeProtocolo( '+', 'E', 'O', 'K', '+');
0x0226	0x0E2B      	MOVLW       43
0x0228	0x6E4B      	MOVWF       FARG_respondeProtocolo_r1 
0x022A	0x0E45      	MOVLW       69
0x022C	0x6E4C      	MOVWF       FARG_respondeProtocolo_r2 
0x022E	0x0E4F      	MOVLW       79
0x0230	0x6E4D      	MOVWF       FARG_respondeProtocolo_r3 
0x0232	0x0E4B      	MOVLW       75
0x0234	0x6E4E      	MOVWF       FARG_respondeProtocolo_r4 
0x0236	0x0E2B      	MOVLW       43
0x0238	0x6E4F      	MOVWF       FARG_respondeProtocolo_r5 
0x023A	0xDF57      	RCALL       _respondeProtocolo
;ModuloCentral.c,147 :: 		RE[0] = '0';
0x023C	0x0E30      	MOVLW       48
0x023E	0x6E3F      	MOVWF       _RE 
;ModuloCentral.c,148 :: 		}
0x0240	0xD013      	BRA         L_executarProtocolo29
L_executarProtocolo28:
;ModuloCentral.c,150 :: 		else if(flag == 1){
0x0242	0x0E00      	MOVLW       0
0x0244	0x183E      	XORWF       _flag+1, 0 
0x0246	0xE102      	BNZ         L__executarProtocolo40
0x0248	0x0E01      	MOVLW       1
0x024A	0x183D      	XORWF       _flag, 0 
L__executarProtocolo40:
0x024C	0xE10D      	BNZ         L_executarProtocolo30
;ModuloCentral.c,151 :: 		respondeProtocolo('+', 'E', 'N', 'O', '+');
0x024E	0x0E2B      	MOVLW       43
0x0250	0x6E4B      	MOVWF       FARG_respondeProtocolo_r1 
0x0252	0x0E45      	MOVLW       69
0x0254	0x6E4C      	MOVWF       FARG_respondeProtocolo_r2 
0x0256	0x0E4E      	MOVLW       78
0x0258	0x6E4D      	MOVWF       FARG_respondeProtocolo_r3 
0x025A	0x0E4F      	MOVLW       79
0x025C	0x6E4E      	MOVWF       FARG_respondeProtocolo_r4 
0x025E	0x0E2B      	MOVLW       43
0x0260	0x6E4F      	MOVWF       FARG_respondeProtocolo_r5 
0x0262	0xDF43      	RCALL       _respondeProtocolo
;ModuloCentral.c,152 :: 		flag =0;
0x0264	0x6A3D      	CLRF        _flag 
0x0266	0x6A3E      	CLRF        _flag+1 
;ModuloCentral.c,153 :: 		}
L_executarProtocolo30:
L_executarProtocolo29:
L_executarProtocolo25:
L_executarProtocolo18:
L_executarProtocolo14:
;ModuloCentral.c,154 :: 		}
L_end_executarProtocolo:
0x0268	0x0012      	RETURN      0
; end of _executarProtocolo
_UART1_Read_Text:
;__Lib_UART_c67.c,78 :: 		
;__Lib_UART_c67.c,79 :: 		
0x026A	0x6A49      	CLRF        UART1_Read_Text_out_idx_L0 
0x026C	0x6A4A      	CLRF        UART1_Read_Text_delim_idx_L0 
;__Lib_UART_c67.c,81 :: 		
L_UART1_Read_Text7:
0x026E	0x5247      	MOVF        FARG_UART1_Read_Text_Attempts, 1 
0x0270	0xE041      	BZ          L_UART1_Read_Text8
;__Lib_UART_c67.c,83 :: 		
0x0272	0x5047      	MOVF        FARG_UART1_Read_Text_Attempts, 0 
0x0274	0x0AFF      	XORLW       255
0x0276	0xA4D8      	BTFSS       STATUS, 2 
;__Lib_UART_c67.c,84 :: 		
0x0278	0x0647      	DECF        FARG_UART1_Read_Text_Attempts, 1 
L_UART1_Read_Text9:
;__Lib_UART_c67.c,86 :: 		
L_UART1_Read_Text10:
0x027A	0xDEE7      	RCALL       _UART1_Data_Ready
0x027C	0x5000      	MOVF        R0, 0 
0x027E	0x0A00      	XORLW       0
0x0280	0xE101      	BNZ         L_UART1_Read_Text11
;__Lib_UART_c67.c,87 :: 		
0x0282	0xD7FB      	BRA         L_UART1_Read_Text10
L_UART1_Read_Text11:
;__Lib_UART_c67.c,89 :: 		
0x0284	0xDED9      	RCALL       _UART1_Read
0x0286	0xF048C000  	MOVFF       R0, UART1_Read_Text_r_data_L0
;__Lib_UART_c67.c,90 :: 		
0x028A	0x5049      	MOVF        UART1_Read_Text_out_idx_L0, 0 
0x028C	0x2443      	ADDWF       FARG_UART1_Read_Text_Output, 0 
0x028E	0x6EE1      	MOVWF       FSR1 
0x0290	0x0E00      	MOVLW       0
0x0292	0x2044      	ADDWFC      FARG_UART1_Read_Text_Output+1, 0 
0x0294	0x6EE2      	MOVWF       FSR1H 
0x0296	0xFFE6C000  	MOVFF       R0, POSTINC1
0x029A	0x2A49      	INCF        UART1_Read_Text_out_idx_L0, 1 
;__Lib_UART_c67.c,91 :: 		
0x029C	0x504A      	MOVF        UART1_Read_Text_delim_idx_L0, 0 
0x029E	0x2445      	ADDWF       FARG_UART1_Read_Text_Delimiter, 0 
0x02A0	0x6EE9      	MOVWF       FSR0 
0x02A2	0x0E00      	MOVLW       0
0x02A4	0x2046      	ADDWFC      FARG_UART1_Read_Text_Delimiter+1, 0 
0x02A6	0x6EEA      	MOVWF       FSR0H 
0x02A8	0x50EE      	MOVF        POSTINC0, 0 
0x02AA	0x1848      	XORWF       UART1_Read_Text_r_data_L0, 0 
0x02AC	0xE102      	BNZ         L_UART1_Read_Text12
;__Lib_UART_c67.c,92 :: 		
0x02AE	0x2A4A      	INCF        UART1_Read_Text_delim_idx_L0, 1 
;__Lib_UART_c67.c,93 :: 		
0x02B0	0xD009      	BRA         L_UART1_Read_Text13
L_UART1_Read_Text12:
;__Lib_UART_c67.c,95 :: 		
0x02B2	0x6A4A      	CLRF        UART1_Read_Text_delim_idx_L0 
;__Lib_UART_c67.c,96 :: 		
0x02B4	0xFFE9C045  	MOVFF       FARG_UART1_Read_Text_Delimiter, FSR0
0x02B8	0xFFEAC046  	MOVFF       FARG_UART1_Read_Text_Delimiter+1, FSR0H
0x02BC	0x50EE      	MOVF        POSTINC0, 0 
0x02BE	0x1848      	XORWF       UART1_Read_Text_r_data_L0, 0 
0x02C0	0xB4D8      	BTFSC       STATUS, 2 
;__Lib_UART_c67.c,97 :: 		
0x02C2	0x2A4A      	INCF        UART1_Read_Text_delim_idx_L0, 1 
;__Lib_UART_c67.c,98 :: 		
L_UART1_Read_Text14:
;__Lib_UART_c67.c,99 :: 		
L_UART1_Read_Text13:
;__Lib_UART_c67.c,101 :: 		
0x02C4	0x504A      	MOVF        UART1_Read_Text_delim_idx_L0, 0 
0x02C6	0x2445      	ADDWF       FARG_UART1_Read_Text_Delimiter, 0 
0x02C8	0x6EE9      	MOVWF       FSR0 
0x02CA	0x0E00      	MOVLW       0
0x02CC	0x2046      	ADDWFC      FARG_UART1_Read_Text_Delimiter+1, 0 
0x02CE	0x6EEA      	MOVWF       FSR0H 
0x02D0	0x50EE      	MOVF        POSTINC0, 0 
0x02D2	0x0A00      	XORLW       0
0x02D4	0xE10E      	BNZ         L_UART1_Read_Text15
;__Lib_UART_c67.c,102 :: 		
0x02D6	0x504A      	MOVF        UART1_Read_Text_delim_idx_L0, 0 
0x02D8	0x5C49      	SUBWF       UART1_Read_Text_out_idx_L0, 0 
0x02DA	0x6E00      	MOVWF       R0 
0x02DC	0x6A01      	CLRF        R1 
0x02DE	0x0E00      	MOVLW       0
0x02E0	0x5A01      	SUBWFB      R1, 1 
0x02E2	0x5000      	MOVF        R0, 0 
0x02E4	0x2443      	ADDWF       FARG_UART1_Read_Text_Output, 0 
0x02E6	0x6EE1      	MOVWF       FSR1 
0x02E8	0x5001      	MOVF        R1, 0 
0x02EA	0x2044      	ADDWFC      FARG_UART1_Read_Text_Output+1, 0 
0x02EC	0x6EE2      	MOVWF       FSR1H 
0x02EE	0x6AE6      	CLRF        POSTINC1 
;__Lib_UART_c67.c,103 :: 		
0x02F0	0xD006      	BRA         L_end_UART1_Read_Text
;__Lib_UART_c67.c,104 :: 		
L_UART1_Read_Text15:
;__Lib_UART_c67.c,106 :: 		
0x02F2	0xD7BD      	BRA         L_UART1_Read_Text7
L_UART1_Read_Text8:
;__Lib_UART_c67.c,107 :: 		
0x02F4	0xFFE1C043  	MOVFF       FARG_UART1_Read_Text_Output, FSR1
0x02F8	0xFFE2C044  	MOVFF       FARG_UART1_Read_Text_Output+1, FSR1H
0x02FC	0x6AE6      	CLRF        POSTINC1 
;__Lib_UART_c67.c,108 :: 		
L_end_UART1_Read_Text:
0x02FE	0x0012      	RETURN      0
; end of _UART1_Read_Text
___CC2DW:
;__Lib_System.c,21 :: 		
;__Lib_System.c,23 :: 		
_CC2DL_Loop1:
;__Lib_System.c,24 :: 		
0x0300	0x0009      	TBLRD*+
;__Lib_System.c,25 :: 		
0x0302	0xFFE6CFF5  	MOVFF       TABLAT, POSTINC1
;__Lib_System.c,26 :: 		
0x0306	0x0600      	DECF        R0, 1, 0
;__Lib_System.c,27 :: 		
0x0308	0xE1FB      	BNZ         _CC2DL_Loop1
;__Lib_System.c,28 :: 		
0x030A	0x0601      	DECF        R1, 1, 0
;__Lib_System.c,29 :: 		
0x030C	0xE1F9      	BNZ         _CC2DL_Loop1
;__Lib_System.c,31 :: 		
L_end___CC2DW:
0x030E	0x0012      	RETURN      0
; end of ___CC2DW
_UART1_Init:
;__Lib_UART_c67.c,15 :: 		
;__Lib_UART_c67.c,18 :: 		
0x0310	0x0E2A      	MOVLW       _UART1_Write
0x0312	0x6E30      	MOVWF       _UART_Wr_Ptr 
0x0314	0x0E00      	MOVLW       hi_addr(_UART1_Write)
0x0316	0x6E31      	MOVWF       _UART_Wr_Ptr+1 
0x0318	0x0E50      	MOVLW       FARG_UART1_Write_data_
0x031A	0x6E32      	MOVWF       _UART_Wr_Ptr+2 
0x031C	0x0E00      	MOVLW       hi_addr(FARG_UART1_Write_data_)
0x031E	0x6E33      	MOVWF       _UART_Wr_Ptr+3 
;__Lib_UART_c67.c,19 :: 		
0x0320	0x0E38      	MOVLW       _UART1_Read
0x0322	0x6E34      	MOVWF       _UART_Rd_Ptr 
0x0324	0x0E00      	MOVLW       hi_addr(_UART1_Read)
0x0326	0x6E35      	MOVWF       _UART_Rd_Ptr+1 
0x0328	0x0E00      	MOVLW       0
0x032A	0x6E36      	MOVWF       _UART_Rd_Ptr+2 
0x032C	0x0E00      	MOVLW       0
0x032E	0x6E37      	MOVWF       _UART_Rd_Ptr+3 
;__Lib_UART_c67.c,20 :: 		
0x0330	0x0E4A      	MOVLW       _UART1_Data_Ready
0x0332	0x6E38      	MOVWF       _UART_Rdy_Ptr 
0x0334	0x0E00      	MOVLW       hi_addr(_UART1_Data_Ready)
0x0336	0x6E39      	MOVWF       _UART_Rdy_Ptr+1 
0x0338	0x0E00      	MOVLW       0
0x033A	0x6E3A      	MOVWF       _UART_Rdy_Ptr+2 
0x033C	0x0E00      	MOVLW       0
0x033E	0x6E3B      	MOVWF       _UART_Rdy_Ptr+3 
;__Lib_UART_c67.c,21 :: 		
0x0340	0x0EFF      	MOVLW       _UART1_Tx_Idle
0x0342	0x6E1D      	MOVWF       _UART_Tx_Idle_Ptr 
0x0344	0x0EFF      	MOVLW       hi_addr(_UART1_Tx_Idle)
0x0346	0x6E1E      	MOVWF       _UART_Tx_Idle_Ptr+1 
0x0348	0x0E00      	MOVLW       0
0x034A	0x6E1F      	MOVWF       _UART_Tx_Idle_Ptr+2 
0x034C	0x0E00      	MOVLW       0
0x034E	0x6E20      	MOVWF       _UART_Tx_Idle_Ptr+3 
;__Lib_UART_c67.c,23 :: 		
0x0350	0x8AAC      	BSF         TXSTA, 5 
;__Lib_UART_c67.c,24 :: 		
0x0352	0x0E90      	MOVLW       144
0x0354	0x6EAB      	MOVWF       RCSTA 
;__Lib_UART_c67.c,25 :: 		
0x0356	0x8E94      	BSF         TRISC7_bit, 7 
;__Lib_UART_c67.c,26 :: 		
0x0358	0x9C94      	BCF         TRISC6_bit, 6 
;__Lib_UART_c67.c,28 :: 		
L_UART1_Init0:
0x035A	0xAA9E      	BTFSS       PIR1, 5 
0x035C	0xD003      	BRA         L_UART1_Init1
;__Lib_UART_c67.c,29 :: 		
0x035E	0xF000CFAE  	MOVFF       RCREG, R0
0x0362	0xD7FB      	BRA         L_UART1_Init0
L_UART1_Init1:
;__Lib_UART_c67.c,30 :: 		
L_end_UART1_Init:
0x0364	0x0012      	RETURN      0
; end of _UART1_Init
_lerProtocolo:
;ModuloCentral.c,92 :: 		void lerProtocolo(void) { //função que lê o protocolo e chama sua execução
;ModuloCentral.c,94 :: 		if(UART1_Data_Ready()) {
0x0366	0xDE71      	RCALL       _UART1_Data_Ready
0x0368	0x5200      	MOVF        R0, 1 
0x036A	0xE032      	BZ          L_lerProtocolo5
;ModuloCentral.c,96 :: 		lido = UART1_Read(); // lê o byte de inicio do protocolo
0x036C	0xDE65      	RCALL       _UART1_Read
0x036E	0xF03CC000  	MOVFF       R0, _lido
;ModuloCentral.c,98 :: 		if(lido == '[') { // se for '[' indica que o protocolo eh de identificação do módulo
0x0372	0x5000      	MOVF        R0, 0 
0x0374	0x0A5B      	XORLW       91
0x0376	0xE10D      	BNZ         L_lerProtocolo6
;ModuloCentral.c,99 :: 		UART1_Read_Text(ID, "]", 4);
0x0378	0x0E21      	MOVLW       _ID
0x037A	0x6E43      	MOVWF       FARG_UART1_Read_Text_Output 
0x037C	0x0E00      	MOVLW       hi_addr(_ID)
0x037E	0x6E44      	MOVWF       FARG_UART1_Read_Text_Output+1 
0x0380	0x0E17      	MOVLW       ?lstr1_ModuloCentral
0x0382	0x6E45      	MOVWF       FARG_UART1_Read_Text_Delimiter 
0x0384	0x0E00      	MOVLW       hi_addr(?lstr1_ModuloCentral)
0x0386	0x6E46      	MOVWF       FARG_UART1_Read_Text_Delimiter+1 
0x0388	0x0E04      	MOVLW       4
0x038A	0x6E47      	MOVWF       FARG_UART1_Read_Text_Attempts 
0x038C	0xDF6E      	RCALL       _UART1_Read_Text
;ModuloCentral.c,100 :: 		executarProtocolo();
0x038E	0xDEF8      	RCALL       _executarProtocolo
;ModuloCentral.c,101 :: 		}
0x0390	0xD01F      	BRA         L_lerProtocolo7
L_lerProtocolo6:
;ModuloCentral.c,103 :: 		else if(lido == '{') { // se for '{' indica que o protocolo eh de envio ao ME
0x0392	0x503C      	MOVF        _lido, 0 
0x0394	0x0A7B      	XORLW       123
0x0396	0xE10D      	BNZ         L_lerProtocolo8
;ModuloCentral.c,104 :: 		UART1_Read_Text(ME, "}", 11);
0x0398	0x0E25      	MOVLW       _ME
0x039A	0x6E43      	MOVWF       FARG_UART1_Read_Text_Output 
0x039C	0x0E00      	MOVLW       hi_addr(_ME)
0x039E	0x6E44      	MOVWF       FARG_UART1_Read_Text_Output+1 
0x03A0	0x0E1B      	MOVLW       ?lstr2_ModuloCentral
0x03A2	0x6E45      	MOVWF       FARG_UART1_Read_Text_Delimiter 
0x03A4	0x0E00      	MOVLW       hi_addr(?lstr2_ModuloCentral)
0x03A6	0x6E46      	MOVWF       FARG_UART1_Read_Text_Delimiter+1 
0x03A8	0x0E0B      	MOVLW       11
0x03AA	0x6E47      	MOVWF       FARG_UART1_Read_Text_Attempts 
0x03AC	0xDF5E      	RCALL       _UART1_Read_Text
;ModuloCentral.c,105 :: 		executarProtocolo();
0x03AE	0xDEE8      	RCALL       _executarProtocolo
;ModuloCentral.c,106 :: 		}
0x03B0	0xD00F      	BRA         L_lerProtocolo9
L_lerProtocolo8:
;ModuloCentral.c,108 :: 		else if(lido == '+') { // ser for '+' indica que o protocolo eh de resposta
0x03B2	0x503C      	MOVF        _lido, 0 
0x03B4	0x0A2B      	XORLW       43
0x03B6	0xE10C      	BNZ         L_lerProtocolo10
;ModuloCentral.c,109 :: 		UART1_Read_Text(RE, "+", 4);
0x03B8	0x0E3F      	MOVLW       _RE
0x03BA	0x6E43      	MOVWF       FARG_UART1_Read_Text_Output 
0x03BC	0x0E00      	MOVLW       hi_addr(_RE)
0x03BE	0x6E44      	MOVWF       FARG_UART1_Read_Text_Output+1 
0x03C0	0x0E19      	MOVLW       ?lstr3_ModuloCentral
0x03C2	0x6E45      	MOVWF       FARG_UART1_Read_Text_Delimiter 
0x03C4	0x0E00      	MOVLW       hi_addr(?lstr3_ModuloCentral)
0x03C6	0x6E46      	MOVWF       FARG_UART1_Read_Text_Delimiter+1 
0x03C8	0x0E04      	MOVLW       4
0x03CA	0x6E47      	MOVWF       FARG_UART1_Read_Text_Attempts 
0x03CC	0xDF4E      	RCALL       _UART1_Read_Text
;ModuloCentral.c,110 :: 		executarProtocolo();
0x03CE	0xDED8      	RCALL       _executarProtocolo
;ModuloCentral.c,111 :: 		}
L_lerProtocolo10:
L_lerProtocolo9:
L_lerProtocolo7:
;ModuloCentral.c,112 :: 		}
L_lerProtocolo5:
;ModuloCentral.c,113 :: 		}
L_end_lerProtocolo:
0x03D0	0x0012      	RETURN      0
; end of _lerProtocolo
_main:
0x03D2	0x0E5D      	MOVLW       93
0x03D4	0x6E17      	MOVWF       ?lstr1_ModuloCentral 
0x03D6	0x6A18      	CLRF        24 
0x03D8	0x0E2B      	MOVLW       43
0x03DA	0x6E19      	MOVWF       ?lstr3_ModuloCentral 
0x03DC	0x6A1A      	CLRF        26 
0x03DE	0x0E7D      	MOVLW       125
0x03E0	0x6E1B      	MOVWF       ?lstr2_ModuloCentral 
0x03E2	0x6A1C      	CLRF        28 
;ModuloCentral.c,19 :: 		void main() {
;ModuloCentral.c,20 :: 		UART1_init(9600);
0x03E4	0x0E19      	MOVLW       25
0x03E6	0x6EAF      	MOVWF       SPBRG 
0x03E8	0x84AC      	BSF         TXSTA, 2, 0
0x03EA	0xDF92      	RCALL       _UART1_Init
;ModuloCentral.c,21 :: 		Delay_ms(100);
0x03EC	0x0E82      	MOVLW       130
0x03EE	0x6E0C      	MOVWF       R12, 0
0x03F0	0x0EDD      	MOVLW       221
0x03F2	0x6E0D      	MOVWF       R13, 0
L_main0:
0x03F4	0x2E0D      	DECFSZ      R13, 1, 0
0x03F6	0xD7FE      	BRA         L_main0
0x03F8	0x2E0C      	DECFSZ      R12, 1, 0
0x03FA	0xD7FC      	BRA         L_main0
0x03FC	0x0000      	NOP
0x03FE	0x0000      	NOP
;ModuloCentral.c,30 :: 		RCON.IPEN = 1;
0x0400	0x8ED0      	BSF         RCON, 7 
;ModuloCentral.c,31 :: 		INTCON.GIEH = 1;
0x0402	0x8EF2      	BSF         INTCON, 7 
;ModuloCentral.c,32 :: 		INTCON.GIEL = 1;
0x0404	0x8CF2      	BSF         INTCON, 6 
;ModuloCentral.c,58 :: 		IPR1.RCIP = 1; //baixa prioridade
0x0406	0x8A9F      	BSF         IPR1, 5 
;ModuloCentral.c,59 :: 		PIR1.RCIF = 0; //flag de sinalização
0x0408	0x9A9E      	BCF         PIR1, 5 
;ModuloCentral.c,60 :: 		PIE1.RCIE = 1; //Enable da interrupção Serial RX
0x040A	0x8A9D      	BSF         PIE1, 5 
;ModuloCentral.c,62 :: 		while(1) {
L_main1:
;ModuloCentral.c,63 :: 		}
0x040C	0xD7FF      	BRA         L_main1
;ModuloCentral.c,64 :: 		}
L_end_main:
0x040E	0xD7FF      	BRA         $+0
; end of _main
Symbol List:
//** Routines locations **
//ADDRESS    SIZE    PROCEDURE
//----------------------------------------------
0x0008      [34]    _interrupt
0x002A      [14]    _UART1_Write
0x0038      [18]    _UART1_Read
0x004A      [10]    _UART1_Data_Ready
0x0054     [150]    _enviarProtocolo
0x00EA     [150]    _respondeProtocolo
0x0180     [234]    _executarProtocolo
0x026A     [150]    _UART1_Read_Text
0x0300      [16]    ___CC2DW
0x0310      [86]    _UART1_Init
0x0366     [108]    _lerProtocolo
0x03D2      [62]    _main
//** Variables locations ** 
//ADDRESS    SIZE    VARIABLE
//----------------------------------------------
0x0000       [1]    FLASH_Erase_64_SaveINTCON_L0
0x0000       [1]    __Lib_SoftI2C_PutZerosToLATScl_temp_scl_L0
0x0000       [1]    EEPROM_Write_SaveINTCON_L0
0x0000       [1]    UART1_Init_tmp_L0
0x0000       [1]    R0
0x0000       [1]    SPI1_Write_tmp_L0
0x0000       [1]    __Lib_SoftI2C_PutZerosToLATSda_temp_sda_L0
0x0001       [1]    UART1_Read___tmp_UART1_Read_L0
0x0001       [1]    I2C1_Rd_tmp_L0
0x0001       [1]    R1
0x0001       [1]    FLASH_Write_32_i_L0
0x0001       [1]    __Lib_PS2_Wait_Falling_nsample_L0
0x0001       [1]    __Lib_TFT_JPEG_FileRead_i_L0
0x0001       [1]    ispunct_rslt_L0
0x0001       [1]    __Lib_TFT_JPEG_FileReadBytes_Result_L0
0x0001       [2]    FLASH_Read_N_Bytes_i_L0
0x0001       [1]    FLASH_Erase_Write_64_i_L0
0x0002       [1]    FLASH_Erase_Write_64_j_L0
0x0002       [1]    FLASH_Write_32_SaveINTCON_L0
0x0002       [2]    memchr_s_L0
0x0002       [2]    strlen_cp_L0
0x0002       [2]    memset_pp_L0
0x0002       [2]    memcpy_dd_L0
0x0002       [1]    R2
0x0003       [1]    FLASH_Erase_Write_64_SaveINTCON_L0
0x0003       [1]    MM_Init_i_L0
0x0003       [1]    R3
0x0003       [2]    Ltrim_original_L0
0x0003       [2]    memmove_tt_L0
0x0003       [2]    MM_TotalFreeMemSize_Tot_L0
0x0004       [2]    strcpy_cp_L0
0x0004       [2]    memcpy_ss_L0
0x0004       [2]    strcat_cp_L0
0x0004       [2]    strncpy_cp_L0
0x0004       [2]    strncat_cp_L0
0x0004       [2]    __Lib_MemManager_MM_GetMemAlign_P_L0
0x0004       [2]    frexp_pom_L0
0x0004       [1]    R4
0x0005       [2]    Ltrim_p_L0
0x0005       [2]    LongWordToHex_input_half_L0
0x0005       [1]    R5
0x0005       [1]    MM_TotalFreeMemSize_i_L0
0x0005       [2]    LongIntToHex_input_half_L0
0x0005       [2]    memmove_ff_L0
0x0006       [1]    R6
0x0006       [1]    __Lib_MemManager_MM_GetMemAlign_i_L0
0x0007       [1]    __Lib_TFT_JPEG_GenerateHuffmanTables_bLength_L0
0x0007       [1]    R7
0x0008       [1]    R8
0x0008       [1]    __Lib_TFT_JPEG_GenerateHuffmanTables_bTable_L0
0x0009       [1]    R9
0x000A       [1]    R10
0x000B       [1]    R11
0x000C       [1]    R12
0x000D       [1]    R13
0x000E       [1]    R14
0x000F       [1]    R15
0x0010       [1]    R16
0x0011       [1]    R17
0x0012       [1]    R18
0x0013       [1]    R19
0x0014       [1]    R20
0x0017       [2]    ?lstr1_ModuloCentral
0x0019       [2]    ?lstr3_ModuloCentral
0x001B       [2]    ?lstr2_ModuloCentral
0x001D       [4]    _UART_Tx_Idle_Ptr
0x0021       [4]    _ID
0x0025      [11]    _ME
0x0030       [4]    _UART_Wr_Ptr
0x0034       [4]    _UART_Rd_Ptr
0x0038       [4]    _UART_Rdy_Ptr
0x003C       [1]    _lido
0x003D       [2]    _flag
0x003F       [4]    _RE
0x0043       [2]    FARG_UART1_Read_Text_Output
0x0045       [2]    FARG_UART1_Read_Text_Delimiter
0x0047       [1]    FARG_UART1_Read_Text_Attempts
0x0048       [1]    UART1_Read_Text_r_data_L0
0x0049       [1]    UART1_Read_Text_out_idx_L0
0x004A       [1]    UART1_Read_Text_delim_idx_L0
0x004B       [1]    FARG_enviarProtocolo_r1
0x004B       [1]    FARG_respondeProtocolo_r1
0x004C       [1]    FARG_respondeProtocolo_r2
0x004C       [1]    FARG_enviarProtocolo_r2
0x004D       [1]    FARG_respondeProtocolo_r3
0x004D       [1]    FARG_enviarProtocolo_r3
0x004E       [1]    FARG_respondeProtocolo_r4
0x004E       [1]    FARG_enviarProtocolo_r4
0x004F       [1]    FARG_enviarProtocolo_r5
0x004F       [1]    FARG_respondeProtocolo_r5
0x0050       [1]    FARG_UART1_Write_data_
0x0F80       [1]    PORTA
0x0F81       [1]    PORTB
0x0F82       [1]    PORTC
0x0F83       [1]    PORTD
0x0F84       [1]    PORTE
0x0F89       [1]    LATA
0x0F8A       [1]    LATB
0x0F8B       [1]    LATC
0x0F8C       [1]    LATD
0x0F8D       [1]    LATE
0x0F92       [1]    TRISA
0x0F93       [1]    TRISB
0x0F94       [0]    TRISC6_bit
0x0F94       [1]    TRISC
0x0F94       [0]    TRISC7_bit
0x0F95       [1]    TRISD
0x0F96       [1]    TRISE
0x0F9B       [1]    OSCTUNE
0x0F9D       [1]    PIE1
0x0F9E       [1]    PIR1
0x0F9F       [1]    IPR1
0x0FA0       [1]    PIE2
0x0FA1       [1]    PIR2
0x0FA2       [1]    IPR2
0x0FA6       [1]    EECON1
0x0FAB       [1]    RCSTA
0x0FAC       [1]    TXSTA
0x0FAD       [1]    TXREG
0x0FAE       [1]    RCREG
0x0FAF       [1]    SPBRG
0x0FB1       [1]    T3CON
0x0FB4       [1]    CMCON
0x0FB5       [1]    CVRCON
0x0FB6       [1]    ECCP1AS
0x0FB7       [1]    ECCP1DEL
0x0FB8       [1]    BAUDCON
0x0FBA       [1]    CCP2CON
0x0FBD       [1]    CCP1CON
0x0FC0       [1]    ADCON2
0x0FC1       [1]    ADCON1
0x0FC2       [1]    ADCON0
0x0FC5       [1]    SSPCON2
0x0FC6       [1]    SSPCON1
0x0FC7       [1]    SSPSTAT
0x0FCA       [1]    T2CON
0x0FCD       [1]    T1CON
0x0FD0       [1]    RCON
0x0FD1       [1]    WDTCON
0x0FD2       [1]    HLVDCON
0x0FD3       [1]    OSCCON
0x0FD5       [1]    T0CON
0x0FD8       [1]    STATUS
0x0FD9       [1]    FSR2L
0x0FDA       [1]    FSR2H
0x0FDE       [1]    POSTINC2
0x0FE0       [1]    BSR
0x0FE1       [1]    FSR1L
0x0FE2       [1]    FSR1H
0x0FE4       [1]    PREINC1
0x0FE6       [1]    POSTINC1
0x0FE7       [1]    INDF1
0x0FE8       [1]    WREG
0x0FE9       [1]    FSR0L
0x0FEA       [1]    FSR0H
0x0FEE       [1]    POSTINC0
0x0FF0       [1]    INTCON3
0x0FF1       [1]    INTCON2
0x0FF2       [1]    INTCON
0x0FF3       [1]    PRODL
0x0FF4       [1]    PRODH
0x0FF5       [1]    TABLAT
0x0FF6       [1]    TBLPTRL
0x0FF7       [1]    TBLPTRH
0x0FF8       [1]    TBLPTRU
0x0FFB       [1]    PCLATU
0x0FFC       [1]    STKPTR
//** Label List: ** 
//----------------------------------------------
  L_main0
  L_main1
  L_main2
  L_interrupt3
  L_interrupt4
  L_lerProtocolo5
  L_lerProtocolo6
  L_lerProtocolo7
  L_lerProtocolo8
  L_lerProtocolo9
  L_lerProtocolo10
  L_executarProtocolo11
  L_executarProtocolo12
  L_executarProtocolo13
  L_executarProtocolo14
  L_executarProtocolo15
  L_executarProtocolo16
  L_executarProtocolo17
  L_executarProtocolo18
  L_executarProtocolo19
  L_executarProtocolo20
  L_executarProtocolo21
  L_executarProtocolo22
  L_executarProtocolo23
  L_executarProtocolo24
  L_executarProtocolo25
  L_executarProtocolo26
  L_executarProtocolo27
  L_executarProtocolo28
  L_executarProtocolo29
  L_executarProtocolo30
  L__executarProtocolo31
  L__executarProtocolo32
  L__executarProtocolo33
  L__executarProtocolo34
  L_end_main
  _main
  L_end_interrupt
  _interrupt
  L__interrupt37
  L_end_lerProtocolo
  _lerProtocolo
  L_end_executarProtocolo
  _executarProtocolo
  L__executarProtocolo40
  L_end_respondeProtocolo
  _respondeProtocolo
  L_end_enviarProtocolo
  _enviarProtocolo
  L_end_P18F4520___?ag
  P18F4520____?ag
  _CC2D_Loop1
  _CC2DL_Loop1
  L_longjmp2
  L_end___CC2D
  ___CC2D
  L_end___CC2DW
  ___CC2DW
  L_end_____DoIFC
  _____DoIFC
  L_end_Swap
  _Swap
  L_end_setjmp
  _setjmp
  L_end_longjmp
  _longjmp
  L_UART1_Init0
  L_UART1_Init1
  L_UART1_Read2
  L_UART1_Write3
  L_UART1_Write4
  L_UART1_Write_Text5
  L_UART1_Write_Text6
  L_UART1_Read_Text7
  L_UART1_Read_Text8
  L_UART1_Read_Text9
  L_UART1_Read_Text10
  L_UART1_Read_Text11
  L_UART1_Read_Text12
  L_UART1_Read_Text13
  L_UART1_Read_Text14
  L_UART1_Read_Text15
  L_UART_Write_Text16
  L_UART_Write_Text17
  L_UART_Read_Text18
  L_UART_Read_Text19
  L_UART_Read_Text20
  L_UART_Read_Text21
  L_UART_Read_Text22
  L_UART_Read_Text23
  L_UART_Read_Text24
  L_UART_Read_Text25
  L_UART_Read_Text26
  L_end_UART1_Init
  _UART1_Init
  L_end_UART1_Data_Ready
  _UART1_Data_Ready
  L_end_UART1_Read
  _UART1_Read
  L_end_UART1_Tx_Idle
  _UART1_Tx_Idle
  L_end_UART1_Write
  _UART1_Write
  L_end_UART1_Write_Text
  _UART1_Write_Text
  L_end_UART1_Read_Text
  _UART1_Read_Text
  L_end_UART_Set_Active
  _UART_Set_Active
  L_end_UART_Write
  _UART_Write
  L_end_UART_Write_Text
  _UART_Write_Text
  L_end_UART_Read
  _UART_Read
  L_end_UART_Data_Ready
  _UART_Data_Ready
  L_end_UART_Read_Text
  _UART_Read_Text
  L_end_UART_Tx_Idle
  _UART_Tx_Idle
  L_main0
  L_main1
  L_main2
  L_interrupt3
  L_interrupt4
  L_lerProtocolo5
  L_lerProtocolo6
  L_lerProtocolo7
  L_lerProtocolo8
  L_lerProtocolo9
  L_lerProtocolo10
  L_executarProtocolo11
  L_executarProtocolo12
  L_executarProtocolo13
  L_executarProtocolo14
  L_executarProtocolo15
  L_executarProtocolo16
  L_executarProtocolo17
  L_executarProtocolo18
  L_executarProtocolo19
  L_executarProtocolo20
  L_executarProtocolo21
  L_executarProtocolo22
  L_executarProtocolo23
  L_executarProtocolo24
  L_executarProtocolo25
  L_executarProtocolo26
  L_executarProtocolo27
  L_executarProtocolo28
  L_executarProtocolo29
  L_executarProtocolo30
  L__executarProtocolo31
  L__executarProtocolo32
  L__executarProtocolo33
  L__executarProtocolo34
  L_end_main
  _main
  L_end_interrupt
  _interrupt
  L__interrupt37
  L_end_lerProtocolo
  _lerProtocolo
  L_end_executarProtocolo
  _executarProtocolo
  L__executarProtocolo40
  L_end_respondeProtocolo
  _respondeProtocolo
  L_end_enviarProtocolo
  _enviarProtocolo
  L_UART1_Init0
  L_UART1_Init1
  L_UART1_Read2
  L_UART1_Write3
  L_UART1_Write4
  L_UART1_Write_Text5
  L_UART1_Write_Text6
  L_UART1_Read_Text7
  L_UART1_Read_Text8
  L_UART1_Read_Text9
  L_UART1_Read_Text10
  L_UART1_Read_Text11
  L_UART1_Read_Text12
  L_UART1_Read_Text13
  L_UART1_Read_Text14
  L_UART1_Read_Text15
  L_UART_Write_Text16
  L_UART_Write_Text17
  L_UART_Read_Text18
  L_UART_Read_Text19
  L_UART_Read_Text20
  L_UART_Read_Text21
  L_UART_Read_Text22
  L_UART_Read_Text23
  L_UART_Read_Text24
  L_UART_Read_Text25
  L_UART_Read_Text26
  L_end_UART1_Init
  _UART1_Init
  L_end_UART1_Data_Ready
  _UART1_Data_Ready
  L_end_UART1_Read
  _UART1_Read
  L_end_UART1_Tx_Idle
  _UART1_Tx_Idle
  L_end_UART1_Write
  _UART1_Write
  L_end_UART1_Write_Text
  _UART1_Write_Text
  L_end_UART1_Read_Text
  _UART1_Read_Text
  L_end_UART_Set_Active
  _UART_Set_Active
  L_end_UART_Write
  _UART_Write
  L_end_UART_Write_Text
  _UART_Write_Text
  L_end_UART_Read
  _UART_Read
  L_end_UART_Data_Ready
  _UART_Data_Ready
  L_end_UART_Read_Text
  _UART_Read_Text
  L_end_UART_Tx_Idle
  _UART_Tx_Idle
